<?xml version="1.0" encoding="UTF-8"?>
<!-- Generated by org.testng.reporters.JUnitReportReporter -->
<testsuite hostname="shanu-PC" name="Scripts.Test1" tests="1" failures="0" timestamp="4 Apr 2020 17:09:18 GMT" time="11.100" errors="0">
  <testcase name="Script1" time="11.100" classname="Scripts.Test1"/>
</testsuite> <!-- Scripts.Test1 -->
